C:\USERS\LEONID\DOCUMENTS\GITHUB\GLOBAL_OPTIMIZATION_WITH_CUDA\GLOBAL_OPTIMIZATION\GLOBAL_OPTIMIZATION\DEBUG\CPUGLOBALOPTIMIZATION.OBJ
C:\USERS\LEONID\DOCUMENTS\GITHUB\GLOBAL_OPTIMIZATION_WITH_CUDA\GLOBAL_OPTIMIZATION\GLOBAL_OPTIMIZATION\DEBUG\VC110.PDB
C:\USERS\LEONID\DOCUMENTS\GITHUB\GLOBAL_OPTIMIZATION_WITH_CUDA\GLOBAL_OPTIMIZATION\DEBUG\GLOBAL_OPTIMIZATION.ILK
C:\USERS\LEONID\DOCUMENTS\GITHUB\GLOBAL_OPTIMIZATION_WITH_CUDA\GLOBAL_OPTIMIZATION\DEBUG\GLOBAL_OPTIMIZATION.EXE
C:\USERS\LEONID\DOCUMENTS\GITHUB\GLOBAL_OPTIMIZATION_WITH_CUDA\GLOBAL_OPTIMIZATION\DEBUG\GLOBAL_OPTIMIZATION.PDB
C:\Users\leonid\Documents\GitHub\global_optimization_with_cuda\global_optimization\global_optimization\Debug\kernel.cu.cache
C:\Users\leonid\Documents\GitHub\global_optimization_with_cuda\global_optimization\global_optimization\Debug\CPUGlobalOptimization.obj
C:\Users\leonid\Documents\GitHub\global_optimization_with_cuda\global_optimization\global_optimization\Debug\kernel.cu.obj
C:\Users\leonid\Documents\GitHub\global_optimization_with_cuda\global_optimization\global_optimization\Debug\cl.command.1.tlog
C:\Users\leonid\Documents\GitHub\global_optimization_with_cuda\global_optimization\global_optimization\Debug\CL.read.1.tlog
C:\Users\leonid\Documents\GitHub\global_optimization_with_cuda\global_optimization\global_optimization\Debug\CL.write.1.tlog
C:\Users\leonid\Documents\GitHub\global_optimization_with_cuda\global_optimization\global_optimization\Debug\link-cvtres.read.1.tlog
C:\Users\leonid\Documents\GitHub\global_optimization_with_cuda\global_optimization\global_optimization\Debug\link-cvtres.write.1.tlog
C:\Users\leonid\Documents\GitHub\global_optimization_with_cuda\global_optimization\global_optimization\Debug\link-rc.read.1.tlog
C:\Users\leonid\Documents\GitHub\global_optimization_with_cuda\global_optimization\global_optimization\Debug\link-rc.write.1.tlog
C:\Users\leonid\Documents\GitHub\global_optimization_with_cuda\global_optimization\global_optimization\Debug\link.command.1.tlog
C:\Users\leonid\Documents\GitHub\global_optimization_with_cuda\global_optimization\global_optimization\Debug\link.read.1.tlog
C:\Users\leonid\Documents\GitHub\global_optimization_with_cuda\global_optimization\global_optimization\Debug\link.write.1.tlog
C:\Users\leonid\Documents\GitHub\global_optimization_with_cuda\global_optimization\global_optimization\Debug\vc110.idb
C:\Users\leonid\Documents\GitHub\global_optimization_with_cuda\global_optimization\global_optimization\Debug\vc110.pdb
C:\Users\leonid\Documents\GitHub\global_optimization_with_cuda\global_optimization\Debug\global_optimization.pdb
C:\Users\leonid\Documents\GitHub\global_optimization_with_cuda\global_optimization\Debug\global_optimization.exe
C:\Users\leonid\Documents\GitHub\global_optimization_with_cuda\global_optimization\Debug\global_optimization.ilk
