Build started 3/7/2017 10:46:57 AM.
     1>Project "C:\Users\leonid\Documents\GitHub\global_optimization_with_cuda\global_optimization\global_optimization\global_optimization.vcxproj" on node 2 (Rebuild target(s)).
     1>CudaClean:
         cmd.exe /C "C:\Users\leonid\AppData\Local\Temp\tmp6a1c1d80b8884a0fa3b4d4918d3ec378.cmd"
         "C:\Program Files\NVIDIA GPU Computing Toolkit\CUDA\v8.0\bin\nvcc.exe" -ccbin "C:\Program Files (x86)\Microsoft Visual Studio 11.0\VC\bin"  -I./ -I"C:\Program Files\NVIDIA GPU Computing Toolkit\CUDA\v8.0\include" -I"C:\Program Files\NVIDIA GPU Computing Toolkit\CUDA\v8.0\include"  -G   --keep-dir Debug -maxrregcount=0  --machine 32 --compile   -g   -DWIN32 -D_DEBUG -D_CONSOLE -D_MBCS -Xcompiler "/EHsc /W3 /nologo /Od  /Zi /RTC1 /MDd " -o Debug\kernel.cu.obj "C:\Users\leonid\Documents\GitHub\global_optimization_with_cuda\global_optimization\global_optimization\kernel.cu" -clean
         
         C:\Users\leonid\Documents\GitHub\global_optimization_with_cuda\global_optimization\global_optimization>"C:\Program Files\NVIDIA GPU Computing Toolkit\CUDA\v8.0\bin\nvcc.exe" -ccbin "C:\Program Files (x86)\Microsoft Visual Studio 11.0\VC\bin"  -I./ -I"C:\Program Files\NVIDIA GPU Computing Toolkit\CUDA\v8.0\include" -I"C:\Program Files\NVIDIA GPU Computing Toolkit\CUDA\v8.0\include"  -G   --keep-dir Debug -maxrregcount=0  --machine 32 --compile   -g   -DWIN32 -D_DEBUG -D_CONSOLE -D_MBCS -Xcompiler "/EHsc /W3 /nologo /Od  /Zi /RTC1 /MDd " -o Debug\kernel.cu.obj "C:\Users\leonid\Documents\GitHub\global_optimization_with_cuda\global_optimization\global_optimization\kernel.cu" -clean 
     1>CUDACOMPILE : nvcc warning : The 'compute_20', 'sm_20', and 'sm_21' architectures are deprecated, and may be removed in a future release (Use -Wno-deprecated-gpu-targets to suppress warning).
         kernel.cu
       AddCudaCompileDeps:
         C:\Program Files (x86)\Microsoft Visual Studio 11.0\VC\bin\cl.exe /E /nologo /showIncludes /TP /D__CUDACC__ /DWIN32 /D_DEBUG /D_CONSOLE /D_MBCS /I./ /I"C:\Program Files\NVIDIA GPU Computing Toolkit\CUDA\v8.0\include" /I"C:\Program Files\NVIDIA GPU Computing Toolkit\CUDA\v8.0\bin" /I"C:\Program Files\NVIDIA GPU Computing Toolkit\CUDA\v8.0\include" /I. /FIcuda_runtime.h /c C:\Users\leonid\Documents\GitHub\global_optimization_with_cuda\global_optimization\global_optimization\kernel.cu 
     1>Project "C:\Users\leonid\Documents\GitHub\global_optimization_with_cuda\global_optimization\global_optimization\global_optimization.vcxproj" (1) is building "C:\Users\leonid\Documents\GitHub\global_optimization_with_cuda\global_optimization\global_optimization\global_optimization.vcxproj" (1:2) on node 2 (CudaBuildCore target(s)).
     1>CudaBuildCore:
         Compiling CUDA source file kernel.cu...
         cmd.exe /C "C:\Users\leonid\AppData\Local\Temp\tmp354ee452da394630a573bc9a99ab9b07.cmd"
         "C:\Program Files\NVIDIA GPU Computing Toolkit\CUDA\v8.0\bin\nvcc.exe" -gencode=arch=compute_20,code=\"sm_20,compute_20\" --use-local-env --cl-version 2012 -ccbin "C:\Program Files (x86)\Microsoft Visual Studio 11.0\VC\bin"  -I./ -I"C:\Program Files\NVIDIA GPU Computing Toolkit\CUDA\v8.0\include" -I"C:\Program Files\NVIDIA GPU Computing Toolkit\CUDA\v8.0\include"  -G   --keep-dir Debug -maxrregcount=0  --machine 32 --compile -cudart static  -g   -DWIN32 -D_DEBUG -D_CONSOLE -D_MBCS -Xcompiler "/EHsc /W3 /nologo /Od  /Zi /RTC1 /MDd " -o Debug\kernel.cu.obj "C:\Users\leonid\Documents\GitHub\global_optimization_with_cuda\global_optimization\global_optimization\kernel.cu"
         
         C:\Users\leonid\Documents\GitHub\global_optimization_with_cuda\global_optimization\global_optimization>"C:\Program Files\NVIDIA GPU Computing Toolkit\CUDA\v8.0\bin\nvcc.exe" -gencode=arch=compute_20,code=\"sm_20,compute_20\" --use-local-env --cl-version 2012 -ccbin "C:\Program Files (x86)\Microsoft Visual Studio 11.0\VC\bin"  -I./ -I"C:\Program Files\NVIDIA GPU Computing Toolkit\CUDA\v8.0\include" -I"C:\Program Files\NVIDIA GPU Computing Toolkit\CUDA\v8.0\include"  -G   --keep-dir Debug -maxrregcount=0  --machine 32 --compile -cudart static  -g   -DWIN32 -D_DEBUG -D_CONSOLE -D_MBCS -Xcompiler "/EHsc /W3 /nologo /Od  /Zi /RTC1 /MDd " -o Debug\kernel.cu.obj "C:\Users\leonid\Documents\GitHub\global_optimization_with_cuda\global_optimization\global_optimization\kernel.cu" 
     1>C:/Users/leonid/Documents/GitHub/global_optimization_with_cuda/global_optimization/global_optimization/kernel.cu(86): warning : variable "inNumBoxesSplitCoeff" was declared but never referenced
     1>C:/Users/leonid/Documents/GitHub/global_optimization_with_cuda/global_optimization/global_optimization/kernel.cu(88): warning : variable "numTestCycles" was declared but never referenced
     1>C:/Users/leonid/Documents/GitHub/global_optimization_with_cuda/global_optimization/global_optimization/kernel.cu(86): warning : variable "inNumBoxesSplitCoeff" was declared but never referenced
     1>C:/Users/leonid/Documents/GitHub/global_optimization_with_cuda/global_optimization/global_optimization/kernel.cu(88): warning : variable "numTestCycles" was declared but never referenced
     1>CUDACOMPILE : nvcc warning : The 'compute_20', 'sm_20', and 'sm_21' architectures are deprecated, and may be removed in a future release (Use -Wno-deprecated-gpu-targets to suppress warning).
         kernel.cu
     1>c:\users\leonid\documents\github\global_optimization_with_cuda\global_optimization\global_optimization\CUDAGlobalOptimization.h(279): warning C4244: 'initializing' : conversion from 'double' to 'int', possible loss of data
     1>c:\users\leonid\documents\github\global_optimization_with_cuda\global_optimization\global_optimization\CUDAGlobalOptimization.h(305): warning C4244: '=' : conversion from 'double' to 'int', possible loss of data
     1>Done Building Project "C:\Users\leonid\Documents\GitHub\global_optimization_with_cuda\global_optimization\global_optimization\global_optimization.vcxproj" (CudaBuildCore target(s)).
     1>ClCompile:
         C:\Program Files (x86)\Microsoft Visual Studio 11.0\VC\bin\CL.exe /c /I"C:\Program Files\NVIDIA GPU Computing Toolkit\CUDA\v8.0\include" /ZI /nologo /W3 /WX- /Od /Oy- /D WIN32 /D _DEBUG /D _CONSOLE /D _MBCS /Gm /EHsc /RTC1 /MDd /GS /Zc:wchar_t /Zc:forScope /Fo"Debug\\" /Fd"Debug\vc110.pdb" /Gd /TP /analyze- /errorReport:prompt CPUGlobalOptimization.cpp
         CPUGlobalOptimization.cpp
     1>c:\users\leonid\documents\github\global_optimization_with_cuda\global_optimization\global_optimization\cpuglobaloptimization.cpp(227): warning C4244: 'initializing' : conversion from 'double' to 'int', possible loss of data
       Link:
         C:\Program Files (x86)\Microsoft Visual Studio 11.0\VC\bin\link.exe /ERRORREPORT:PROMPT /OUT:"C:\Users\leonid\Documents\GitHub\global_optimization_with_cuda\global_optimization\Debug\global_optimization.exe" /INCREMENTAL /NOLOGO /LIBPATH:"C:\Program Files\NVIDIA GPU Computing Toolkit\CUDA\v8.0\lib\Win32" cudart.lib kernel32.lib user32.lib gdi32.lib winspool.lib comdlg32.lib advapi32.lib shell32.lib ole32.lib oleaut32.lib uuid.lib odbc32.lib odbccp32.lib kernel32.lib user32.lib gdi32.lib winspool.lib comdlg32.lib advapi32.lib shell32.lib ole32.lib oleaut32.lib uuid.lib odbc32.lib odbccp32.lib /MANIFEST /MANIFESTUAC:"level='asInvoker' uiAccess='false'" /manifest:embed /DEBUG /PDB:"C:\Users\leonid\Documents\GitHub\global_optimization_with_cuda\global_optimization\Debug\global_optimization.pdb" /SUBSYSTEM:CONSOLE /TLBID:1 /DYNAMICBASE /NXCOMPAT /IMPLIB:"C:\Users\leonid\Documents\GitHub\global_optimization_with_cuda\global_optimization\Debug\global_optimization.lib" /MACHINE:X86 Debug\kernel.cu.obj
         Debug\CPUGlobalOptimization.obj
         global_optimization.vcxproj -> C:\Users\leonid\Documents\GitHub\global_optimization_with_cuda\global_optimization\Debug\global_optimization.exe
       PostBuildEvent:
         echo copy "C:\Program Files\NVIDIA GPU Computing Toolkit\CUDA\v8.0\bin\cudart*.dll" "C:\Users\leonid\Documents\GitHub\global_optimization_with_cuda\global_optimization\Debug\"
         copy "C:\Program Files\NVIDIA GPU Computing Toolkit\CUDA\v8.0\bin\cudart*.dll" "C:\Users\leonid\Documents\GitHub\global_optimization_with_cuda\global_optimization\Debug\"
         :VCEnd
         copy "C:\Program Files\NVIDIA GPU Computing Toolkit\CUDA\v8.0\bin\cudart*.dll" "C:\Users\leonid\Documents\GitHub\global_optimization_with_cuda\global_optimization\Debug\"
         C:\Program Files\NVIDIA GPU Computing Toolkit\CUDA\v8.0\bin\cudart32_80.dll
         C:\Program Files\NVIDIA GPU Computing Toolkit\CUDA\v8.0\bin\cudart64_80.dll
         Скопировано файлов:         2.
     1>Done Building Project "C:\Users\leonid\Documents\GitHub\global_optimization_with_cuda\global_optimization\global_optimization\global_optimization.vcxproj" (Rebuild target(s)).

Build succeeded.

Time Elapsed 00:00:05.02
